<?xml version="1.0" encoding="UTF-8"?>
<!-- Generated by org.testng.reporters.JUnitReportReporter -->
<testsuite hostname="BOOK-DA60ANED4E" failures="0" tests="1" name="com.tutorialsninja.qa.TestCase_Difficult.LoginTest" time="8.749" errors="0" timestamp="2024-01-07T16:24:27 CST" skipped="0">
  <testcase classname="com.tutorialsninja.qa.TestCase_Difficult.LoginTest" name="verifyLoginWithValidCredentials" time="8.749"/>
  <system-out/>
</testsuite> <!-- com.tutorialsninja.qa.TestCase_Difficult.LoginTest -->
