<?xml version="1.0" encoding="UTF-8"?>
<!-- Generated by org.testng.reporters.JUnitReportReporter -->
<testsuite hostname="BOOK-DA60ANED4E" failures="0" tests="1" name="com.tutorialsninja.qa.TestCase_Difficult.ShoppingCart_PageTest" time="8.054" errors="0" timestamp="2024-01-07T16:32:22 CST" skipped="0">
  <testcase classname="com.tutorialsninja.qa.TestCase_Difficult.ShoppingCart_PageTest" name="addProductToCart" time="8.054"/>
  <system-out/>
</testsuite> <!-- com.tutorialsninja.qa.TestCase_Difficult.ShoppingCart_PageTest -->
